The target system is: Linux -  - aarch64
The host system is: Linux - 6.8.0-52-generic - x86_64
Compiling the C compiler identification source file "CMakeCCompilerId.c" succeeded.
Compiler: /home/yasmeen/storage/yocto/sysroots/x86_64-pokysdk-linux/usr/bin/aarch64-poky-linux/aarch64-poky-linux-gcc -mcpu=cortex-a53;-march=armv8-a+crc;-mbranch-protection=standard;-fstack-protector-strong;-O2;-D_FORTIFY_SOURCE=2;-Wformat;-Wformat-security;-Werror=format-security;--sysroot=/home/yasmeen/storage/yocto/sysroots/cortexa53-poky-linux
Build flags: ;-O2;-pipe;-g;-feliminate-unused-debug-types;
Id flags:  

The output was:
0


Compilation of the C compiler identification source "CMakeCCompilerId.c" produced "a.out"

The C compiler identification is GNU, found in "/home/yasmeen/storage/yocto/meta-Tasks/recipes-hello/hello/ITI/build/CMakeFiles/3.22.3/CompilerIdC/a.out"

Detecting C compiler ABI info compiled with the following output:
Change Dir: /home/yasmeen/storage/yocto/meta-Tasks/recipes-hello/hello/ITI/build/CMakeFiles/CMakeTmp

Run Build Command(s):/usr/bin/gmake -f Makefile cmTC_f8cb2/fast && /usr/bin/gmake  -f CMakeFiles/cmTC_f8cb2.dir/build.make CMakeFiles/cmTC_f8cb2.dir/build
gmake[1]: Entering directory '/home/yasmeen/storage/yocto/meta-Tasks/recipes-hello/hello/ITI/build/CMakeFiles/CMakeTmp'
Building C object CMakeFiles/cmTC_f8cb2.dir/CMakeCCompilerABI.c.o
/home/yasmeen/storage/yocto/sysroots/x86_64-pokysdk-linux/usr/bin/aarch64-poky-linux/aarch64-poky-linux-gcc   -mcpu=cortex-a53 -march=armv8-a+crc -mbranch-protection=standard -fstack-protector-strong  -O2 -D_FORTIFY_SOURCE=2 -Wformat -Wformat-security -Werror=format-security --sysroot=/home/yasmeen/storage/yocto/sysroots/cortexa53-poky-linux --sysroot=/home/yasmeen/storage/yocto/sysroots/cortexa53-poky-linux   -O2 -g -feliminate-unused-debug-types     -v -o CMakeFiles/cmTC_f8cb2.dir/CMakeCCompilerABI.c.o -c /home/yasmeen/storage/yocto/sysroots/x86_64-pokysdk-linux/usr/share/cmake-3.22/Modules/CMakeCCompilerABI.c
Using built-in specs.
COLLECT_GCC=/home/yasmeen/storage/yocto/sysroots/x86_64-pokysdk-linux/usr/bin/aarch64-poky-linux/aarch64-poky-linux-gcc
Target: aarch64-poky-linux
Configured with: ../../../../../../work-shared/gcc-11.5.0-r0/gcc-11.5.0/configure --build=x86_64-linux --host=x86_64-pokysdk-linux --target=aarch64-poky-linux --prefix=/usr/local/oe-sdk-hardcoded-buildpath/sysroots/x86_64-pokysdk-linux/usr --exec_prefix=/usr/local/oe-sdk-hardcoded-buildpath/sysroots/x86_64-pokysdk-linux/usr --bindir=/usr/local/oe-sdk-hardcoded-buildpath/sysroots/x86_64-pokysdk-linux/usr/bin/aarch64-poky-linux --sbindir=/usr/local/oe-sdk-hardcoded-buildpath/sysroots/x86_64-pokysdk-linux/usr/bin/aarch64-poky-linux --libexecdir=/usr/local/oe-sdk-hardcoded-buildpath/sysroots/x86_64-pokysdk-linux/usr/libexec/aarch64-poky-linux --datadir=/usr/local/oe-sdk-hardcoded-buildpath/sysroots/x86_64-pokysdk-linux/usr/share --sysconfdir=/usr/local/oe-sdk-hardcoded-buildpath/sysroots/x86_64-pokysdk-linux/etc --sharedstatedir=/usr/local/oe-sdk-hardcoded-buildpath/sysroots/x86_64-pokysdk-linux/com --localstatedir=/usr/local/oe-sdk-hardcoded-buildpath/sysroots/x86_64-pokysdk-linux/var --libdir=/usr/local/oe-sdk-hardcoded-buildpath/sysroots/x86_64-pokysdk-linux/usr/lib/aarch64-poky-linux --includedir=/usr/local/oe-sdk-hardcoded-buildpath/sysroots/x86_64-pokysdk-linux/usr/include --oldincludedir=/usr/local/oe-sdk-hardcoded-buildpath/sysroots/x86_64-pokysdk-linux/usr/include --infodir=/usr/local/oe-sdk-hardcoded-buildpath/sysroots/x86_64-pokysdk-linux/usr/share/info --mandir=/usr/local/oe-sdk-hardcoded-buildpath/sysroots/x86_64-pokysdk-linux/usr/share/man --disable-silent-rules --disable-dependency-tracking --with-libtool-sysroot=/home/yasmeen/storage/yocto/build-rpi/tmp/work/x86_64-nativesdk-pokysdk-linux/gcc-cross-canadian-aarch64/11.5.0-r0/recipe-sysroot --with-gnu-ld --enable-shared --enable-languages=c,c++ --enable-threads=posix --enable-multilib --enable-default-pie --enable-c99 --enable-long-long --enable-symvers=gnu --enable-libstdcxx-pch --program-prefix=aarch64-poky-linux- --without-local-prefix --disable-install-libiberty --disable-libssp --enable-libitm --enable-lto --disable-bootstrap --with-system-zlib --with-linker-hash-style=gnu --enable-linker-build-id --with-ppl=no --with-cloog=no --enable-checking=release --enable-cheaders=c_global --without-isl --with-gxx-include-dir=/not/exist/usr/include/c++/11.5.0 --with-build-time-tools=/home/yasmeen/storage/yocto/build-rpi/tmp/work/x86_64-nativesdk-pokysdk-linux/gcc-cross-canadian-aarch64/11.5.0-r0/recipe-sysroot-native/usr/aarch64-poky-linux/bin --with-sysroot=/not/exist --with-build-sysroot=/home/yasmeen/storage/yocto/build-rpi/tmp/work/x86_64-nativesdk-pokysdk-linux/gcc-cross-canadian-aarch64/11.5.0-r0/recipe-sysroot --with-plugin-ld=ld --enable-poison-system-directories --disable-static --enable-nls --with-glibc-version=2.28 --enable-initfini-array --enable-__cxa_atexit
Thread model: posix
Supported LTO compression algorithms: zlib zstd
gcc version 11.5.0 (GCC) 
COLLECT_GCC_OPTIONS='-mcpu=cortex-a53' '-march=armv8-a+crc' '-mbranch-protection=standard' '-fstack-protector-strong' '-O2' '-D' '_FORTIFY_SOURCE=2' '-Wformat=1' '-Wformat-security' '-Werror=format-security' '-O2' '-g' '-feliminate-unused-debug-types' '-v' '-o' 'CMakeFiles/cmTC_f8cb2.dir/CMakeCCompilerABI.c.o' '-c' '-mlittle-endian' '-mabi=lp64' '-dumpdir' 'CMakeFiles/cmTC_f8cb2.dir/'
 /home/yasmeen/storage/yocto/sysroots/x86_64-pokysdk-linux/usr/libexec/aarch64-poky-linux/gcc/aarch64-poky-linux/11.5.0/cc1 -quiet -v -isysroot /home/yasmeen/storage/yocto/sysroots/cortexa53-poky-linux -D _FORTIFY_SOURCE=2 /home/yasmeen/storage/yocto/sysroots/x86_64-pokysdk-linux/usr/share/cmake-3.22/Modules/CMakeCCompilerABI.c -quiet -dumpdir CMakeFiles/cmTC_f8cb2.dir/ -dumpbase CMakeCCompilerABI.c.c -dumpbase-ext .c -mcpu=cortex-a53 -march=armv8-a+crc -mbranch-protection=standard -mlittle-endian -mabi=lp64 -g -O2 -O2 -Wformat=1 -Wformat-security -Werror=format-security -version -fstack-protector-strong -feliminate-unused-debug-types -o /tmp/ccMfrH7S.s
GNU C17 (GCC) version 11.5.0 (aarch64-poky-linux)
	compiled by GNU C version 11.5.0, GMP version 6.2.1, MPFR version 4.1.1, MPC version 1.2.1, isl version none
GGC heuristics: --param ggc-min-expand=100 --param ggc-min-heapsize=131072
ignoring nonexistent directory "/home/yasmeen/storage/yocto/sysroots/cortexa53-poky-linux/usr/lib/aarch64-poky-linux/11.5.0/include"
ignoring nonexistent directory "/home/yasmeen/storage/yocto/sysroots/cortexa53-poky-linux/usr/local/include"
ignoring nonexistent directory "/home/yasmeen/storage/yocto/sysroots/x86_64-pokysdk-linux/usr/lib/aarch64-poky-linux/gcc/aarch64-poky-linux/11.5.0/../../../../../aarch64-poky-linux/include"
#include "..." search starts here:
#include <...> search starts here:
 /home/yasmeen/storage/yocto/sysroots/x86_64-pokysdk-linux/usr/lib/aarch64-poky-linux/gcc/aarch64-poky-linux/11.5.0/include
 /home/yasmeen/storage/yocto/sysroots/x86_64-pokysdk-linux/usr/lib/aarch64-poky-linux/gcc/aarch64-poky-linux/11.5.0/include-fixed
 /home/yasmeen/storage/yocto/sysroots/cortexa53-poky-linux/usr/include/
End of search list.
GNU C17 (GCC) version 11.5.0 (aarch64-poky-linux)
	compiled by GNU C version 11.5.0, GMP version 6.2.1, MPFR version 4.1.1, MPC version 1.2.1, isl version none
GGC heuristics: --param ggc-min-expand=100 --param ggc-min-heapsize=131072
Compiler executable checksum: 7d11bc6400a5b60792ee3c21654264e0
COLLECT_GCC_OPTIONS='-mcpu=cortex-a53' '-march=armv8-a+crc' '-mbranch-protection=standard' '-fstack-protector-strong' '-O2' '-D' '_FORTIFY_SOURCE=2' '-Wformat=1' '-Wformat-security' '-Werror=format-security' '-O2' '-g' '-feliminate-unused-debug-types' '-v' '-o' 'CMakeFiles/cmTC_f8cb2.dir/CMakeCCompilerABI.c.o' '-c' '-mlittle-endian' '-mabi=lp64' '-dumpdir' 'CMakeFiles/cmTC_f8cb2.dir/'
 /home/yasmeen/storage/yocto/sysroots/x86_64-pokysdk-linux/usr/libexec/aarch64-poky-linux/gcc/aarch64-poky-linux/11.5.0/as -v --gdwarf-5 -EL -march=armv8-a+crc -march=armv8-a+crc -mabi=lp64 -o CMakeFiles/cmTC_f8cb2.dir/CMakeCCompilerABI.c.o /tmp/ccMfrH7S.s
GNU assembler version 2.38 (aarch64-poky-linux) using BFD version (GNU Binutils) 2.38.20220708
COMPILER_PATH=/home/yasmeen/storage/yocto/sysroots/x86_64-pokysdk-linux/usr/libexec/aarch64-poky-linux/gcc/aarch64-poky-linux/11.5.0/:/home/yasmeen/storage/yocto/sysroots/x86_64-pokysdk-linux/usr/libexec/aarch64-poky-linux/gcc/aarch64-poky-linux/11.5.0/:/home/yasmeen/storage/yocto/sysroots/x86_64-pokysdk-linux/usr/libexec/aarch64-poky-linux/gcc/aarch64-poky-linux/:/home/yasmeen/storage/yocto/sysroots/x86_64-pokysdk-linux/usr/lib/aarch64-poky-linux/gcc/aarch64-poky-linux/11.5.0/:/home/yasmeen/storage/yocto/sysroots/x86_64-pokysdk-linux/usr/lib/aarch64-poky-linux/gcc/aarch64-poky-linux/
LIBRARY_PATH=/home/yasmeen/storage/yocto/sysroots/x86_64-pokysdk-linux/usr/lib/aarch64-poky-linux/gcc/aarch64-poky-linux/11.5.0/:/home/yasmeen/storage/yocto/sysroots/cortexa53-poky-linux/lib/:/home/yasmeen/storage/yocto/sysroots/cortexa53-poky-linux/usr/lib/aarch64-poky-linux/11.5.0/:/home/yasmeen/storage/yocto/sysroots/cortexa53-poky-linux/usr/lib/
COLLECT_GCC_OPTIONS='-mcpu=cortex-a53' '-march=armv8-a+crc' '-mbranch-protection=standard' '-fstack-protector-strong' '-O2' '-D' '_FORTIFY_SOURCE=2' '-Wformat=1' '-Wformat-security' '-Werror=format-security' '-O2' '-g' '-feliminate-unused-debug-types' '-v' '-o' 'CMakeFiles/cmTC_f8cb2.dir/CMakeCCompilerABI.c.o' '-c' '-mlittle-endian' '-mabi=lp64' '-dumpdir' 'CMakeFiles/cmTC_f8cb2.dir/CMakeCCompilerABI.c.'
Linking C executable cmTC_f8cb2
/home/yasmeen/storage/yocto/sysroots/x86_64-pokysdk-linux/usr/bin/cmake -E cmake_link_script CMakeFiles/cmTC_f8cb2.dir/link.txt --verbose=1
/home/yasmeen/storage/yocto/sysroots/x86_64-pokysdk-linux/usr/bin/aarch64-poky-linux/aarch64-poky-linux-gcc   -mcpu=cortex-a53 -march=armv8-a+crc -mbranch-protection=standard -fstack-protector-strong  -O2 -D_FORTIFY_SOURCE=2 -Wformat -Wformat-security -Werror=format-security --sysroot=/home/yasmeen/storage/yocto/sysroots/cortexa53-poky-linux --sysroot=/home/yasmeen/storage/yocto/sysroots/cortexa53-poky-linux  -O2 -g -feliminate-unused-debug-types   -Wl,-O1 -Wl,--hash-style=gnu -Wl,--as-needed  -Wl,-z,relro,-z,now -v -rdynamic CMakeFiles/cmTC_f8cb2.dir/CMakeCCompilerABI.c.o -o cmTC_f8cb2 
Using built-in specs.
COLLECT_GCC=/home/yasmeen/storage/yocto/sysroots/x86_64-pokysdk-linux/usr/bin/aarch64-poky-linux/aarch64-poky-linux-gcc
COLLECT_LTO_WRAPPER=/home/yasmeen/storage/yocto/sysroots/x86_64-pokysdk-linux/usr/libexec/aarch64-poky-linux/gcc/aarch64-poky-linux/11.5.0/lto-wrapper
Target: aarch64-poky-linux
Configured with: ../../../../../../work-shared/gcc-11.5.0-r0/gcc-11.5.0/configure --build=x86_64-linux --host=x86_64-pokysdk-linux --target=aarch64-poky-linux --prefix=/usr/local/oe-sdk-hardcoded-buildpath/sysroots/x86_64-pokysdk-linux/usr --exec_prefix=/usr/local/oe-sdk-hardcoded-buildpath/sysroots/x86_64-pokysdk-linux/usr --bindir=/usr/local/oe-sdk-hardcoded-buildpath/sysroots/x86_64-pokysdk-linux/usr/bin/aarch64-poky-linux --sbindir=/usr/local/oe-sdk-hardcoded-buildpath/sysroots/x86_64-pokysdk-linux/usr/bin/aarch64-poky-linux --libexecdir=/usr/local/oe-sdk-hardcoded-buildpath/sysroots/x86_64-pokysdk-linux/usr/libexec/aarch64-poky-linux --datadir=/usr/local/oe-sdk-hardcoded-buildpath/sysroots/x86_64-pokysdk-linux/usr/share --sysconfdir=/usr/local/oe-sdk-hardcoded-buildpath/sysroots/x86_64-pokysdk-linux/etc --sharedstatedir=/usr/local/oe-sdk-hardcoded-buildpath/sysroots/x86_64-pokysdk-linux/com --localstatedir=/usr/local/oe-sdk-hardcoded-buildpath/sysroots/x86_64-pokysdk-linux/var --libdir=/usr/local/oe-sdk-hardcoded-buildpath/sysroots/x86_64-pokysdk-linux/usr/lib/aarch64-poky-linux --includedir=/usr/local/oe-sdk-hardcoded-buildpath/sysroots/x86_64-pokysdk-linux/usr/include --oldincludedir=/usr/local/oe-sdk-hardcoded-buildpath/sysroots/x86_64-pokysdk-linux/usr/include --infodir=/usr/local/oe-sdk-hardcoded-buildpath/sysroots/x86_64-pokysdk-linux/usr/share/info --mandir=/usr/local/oe-sdk-hardcoded-buildpath/sysroots/x86_64-pokysdk-linux/usr/share/man --disable-silent-rules --disable-dependency-tracking --with-libtool-sysroot=/home/yasmeen/storage/yocto/build-rpi/tmp/work/x86_64-nativesdk-pokysdk-linux/gcc-cross-canadian-aarch64/11.5.0-r0/recipe-sysroot --with-gnu-ld --enable-shared --enable-languages=c,c++ --enable-threads=posix --enable-multilib --enable-default-pie --enable-c99 --enable-long-long --enable-symvers=gnu --enable-libstdcxx-pch --program-prefix=aarch64-poky-linux- --without-local-prefix --disable-install-libiberty --disable-libssp --enable-libitm --enable-lto --disable-bootstrap --with-system-zlib --with-linker-hash-style=gnu --enable-linker-build-id --with-ppl=no --with-cloog=no --enable-checking=release --enable-cheaders=c_global --without-isl --with-gxx-include-dir=/not/exist/usr/include/c++/11.5.0 --with-build-time-tools=/home/yasmeen/storage/yocto/build-rpi/tmp/work/x86_64-nativesdk-pokysdk-linux/gcc-cross-canadian-aarch64/11.5.0-r0/recipe-sysroot-native/usr/aarch64-poky-linux/bin --with-sysroot=/not/exist --with-build-sysroot=/home/yasmeen/storage/yocto/build-rpi/tmp/work/x86_64-nativesdk-pokysdk-linux/gcc-cross-canadian-aarch64/11.5.0-r0/recipe-sysroot --with-plugin-ld=ld --enable-poison-system-directories --disable-static --enable-nls --with-glibc-version=2.28 --enable-initfini-array --enable-__cxa_atexit
Thread model: posix
Supported LTO compression algorithms: zlib zstd
gcc version 11.5.0 (GCC) 
COMPILER_PATH=/home/yasmeen/storage/yocto/sysroots/x86_64-pokysdk-linux/usr/libexec/aarch64-poky-linux/gcc/aarch64-poky-linux/11.5.0/:/home/yasmeen/storage/yocto/sysroots/x86_64-pokysdk-linux/usr/libexec/aarch64-poky-linux/gcc/aarch64-poky-linux/11.5.0/:/home/yasmeen/storage/yocto/sysroots/x86_64-pokysdk-linux/usr/libexec/aarch64-poky-linux/gcc/aarch64-poky-linux/:/home/yasmeen/storage/yocto/sysroots/x86_64-pokysdk-linux/usr/lib/aarch64-poky-linux/gcc/aarch64-poky-linux/11.5.0/:/home/yasmeen/storage/yocto/sysroots/x86_64-pokysdk-linux/usr/lib/aarch64-poky-linux/gcc/aarch64-poky-linux/
LIBRARY_PATH=/home/yasmeen/storage/yocto/sysroots/x86_64-pokysdk-linux/usr/lib/aarch64-poky-linux/gcc/aarch64-poky-linux/11.5.0/:/home/yasmeen/storage/yocto/sysroots/cortexa53-poky-linux/lib/:/home/yasmeen/storage/yocto/sysroots/cortexa53-poky-linux/usr/lib/aarch64-poky-linux/11.5.0/:/home/yasmeen/storage/yocto/sysroots/cortexa53-poky-linux/usr/lib/
COLLECT_GCC_OPTIONS='-mcpu=cortex-a53' '-march=armv8-a+crc' '-mbranch-protection=standard' '-fstack-protector-strong' '-O2' '-D' '_FORTIFY_SOURCE=2' '-Wformat=1' '-Wformat-security' '-Werror=format-security' '-O2' '-g' '-feliminate-unused-debug-types' '-v' '-rdynamic' '-o' 'cmTC_f8cb2' '-mlittle-endian' '-mabi=lp64' '-dumpdir' 'cmTC_f8cb2.'
 /home/yasmeen/storage/yocto/sysroots/x86_64-pokysdk-linux/usr/libexec/aarch64-poky-linux/gcc/aarch64-poky-linux/11.5.0/collect2 -plugin /home/yasmeen/storage/yocto/sysroots/x86_64-pokysdk-linux/usr/libexec/aarch64-poky-linux/gcc/aarch64-poky-linux/11.5.0/liblto_plugin.so -plugin-opt=/home/yasmeen/storage/yocto/sysroots/x86_64-pokysdk-linux/usr/libexec/aarch64-poky-linux/gcc/aarch64-poky-linux/11.5.0/lto-wrapper -plugin-opt=-fresolution=/tmp/cc6y2QML.res -plugin-opt=-pass-through=-lgcc -plugin-opt=-pass-through=-lgcc_s -plugin-opt=-pass-through=-lc -plugin-opt=-pass-through=-lgcc -plugin-opt=-pass-through=-lgcc_s --sysroot=/home/yasmeen/storage/yocto/sysroots/cortexa53-poky-linux --build-id --eh-frame-hdr --hash-style=gnu -export-dynamic -dynamic-linker /lib/ld-linux-aarch64.so.1 -X -EL -maarch64linux -pie -o cmTC_f8cb2 /home/yasmeen/storage/yocto/sysroots/cortexa53-poky-linux/usr/lib/Scrt1.o /home/yasmeen/storage/yocto/sysroots/cortexa53-poky-linux/usr/lib/crti.o /home/yasmeen/storage/yocto/sysroots/cortexa53-poky-linux/usr/lib/aarch64-poky-linux/11.5.0/crtbeginS.o -L/home/yasmeen/storage/yocto/sysroots/x86_64-pokysdk-linux/usr/lib/aarch64-poky-linux/gcc/aarch64-poky-linux/11.5.0 -L/home/yasmeen/storage/yocto/sysroots/cortexa53-poky-linux/lib -L/home/yasmeen/storage/yocto/sysroots/cortexa53-poky-linux/usr/lib/aarch64-poky-linux/11.5.0 -L/home/yasmeen/storage/yocto/sysroots/cortexa53-poky-linux/usr/lib -O1 --hash-style=gnu --as-needed -z relro -z now CMakeFiles/cmTC_f8cb2.dir/CMakeCCompilerABI.c.o -lgcc --push-state --as-needed -lgcc_s --pop-state -lc -lgcc --push-state --as-needed -lgcc_s --pop-state /home/yasmeen/storage/yocto/sysroots/cortexa53-poky-linux/usr/lib/aarch64-poky-linux/11.5.0/crtendS.o /home/yasmeen/storage/yocto/sysroots/cortexa53-poky-linux/usr/lib/crtn.o
COLLECT_GCC_OPTIONS='-mcpu=cortex-a53' '-march=armv8-a+crc' '-mbranch-protection=standard' '-fstack-protector-strong' '-O2' '-D' '_FORTIFY_SOURCE=2' '-Wformat=1' '-Wformat-security' '-Werror=format-security' '-O2' '-g' '-feliminate-unused-debug-types' '-v' '-rdynamic' '-o' 'cmTC_f8cb2' '-mlittle-endian' '-mabi=lp64' '-dumpdir' 'cmTC_f8cb2.'
gmake[1]: Leaving directory '/home/yasmeen/storage/yocto/meta-Tasks/recipes-hello/hello/ITI/build/CMakeFiles/CMakeTmp'



Parsed C implicit include dir info from above output: rv=done
  found start of include info
  found start of implicit include info
    add: [/home/yasmeen/storage/yocto/sysroots/x86_64-pokysdk-linux/usr/lib/aarch64-poky-linux/gcc/aarch64-poky-linux/11.5.0/include]
    add: [/home/yasmeen/storage/yocto/sysroots/x86_64-pokysdk-linux/usr/lib/aarch64-poky-linux/gcc/aarch64-poky-linux/11.5.0/include-fixed]
    add: [/home/yasmeen/storage/yocto/sysroots/cortexa53-poky-linux/usr/include/]
  end of search list found
  collapse include dir [/home/yasmeen/storage/yocto/sysroots/x86_64-pokysdk-linux/usr/lib/aarch64-poky-linux/gcc/aarch64-poky-linux/11.5.0/include] ==> [/home/yasmeen/storage/yocto/sysroots/x86_64-pokysdk-linux/usr/lib/aarch64-poky-linux/gcc/aarch64-poky-linux/11.5.0/include]
  collapse include dir [/home/yasmeen/storage/yocto/sysroots/x86_64-pokysdk-linux/usr/lib/aarch64-poky-linux/gcc/aarch64-poky-linux/11.5.0/include-fixed] ==> [/home/yasmeen/storage/yocto/sysroots/x86_64-pokysdk-linux/usr/lib/aarch64-poky-linux/gcc/aarch64-poky-linux/11.5.0/include-fixed]
  collapse include dir [/home/yasmeen/storage/yocto/sysroots/cortexa53-poky-linux/usr/include/] ==> [/home/yasmeen/storage/yocto/sysroots/cortexa53-poky-linux/usr/include]
  implicit include dirs: [/home/yasmeen/storage/yocto/sysroots/x86_64-pokysdk-linux/usr/lib/aarch64-poky-linux/gcc/aarch64-poky-linux/11.5.0/include;/home/yasmeen/storage/yocto/sysroots/x86_64-pokysdk-linux/usr/lib/aarch64-poky-linux/gcc/aarch64-poky-linux/11.5.0/include-fixed;/home/yasmeen/storage/yocto/sysroots/cortexa53-poky-linux/usr/include]


Parsed C implicit link information from above output:
  link line regex: [^( *|.*[/\])(aarch64-poky-linux-ld|CMAKE_LINK_STARTFILE-NOTFOUND|([^/\]+-)?ld|collect2)[^/\]*( |$)]
  ignore line: [Change Dir: /home/yasmeen/storage/yocto/meta-Tasks/recipes-hello/hello/ITI/build/CMakeFiles/CMakeTmp]
  ignore line: []
  ignore line: [Run Build Command(s):/usr/bin/gmake -f Makefile cmTC_f8cb2/fast && /usr/bin/gmake  -f CMakeFiles/cmTC_f8cb2.dir/build.make CMakeFiles/cmTC_f8cb2.dir/build]
  ignore line: [gmake[1]: Entering directory '/home/yasmeen/storage/yocto/meta-Tasks/recipes-hello/hello/ITI/build/CMakeFiles/CMakeTmp']
  ignore line: [Building C object CMakeFiles/cmTC_f8cb2.dir/CMakeCCompilerABI.c.o]
  ignore line: [/home/yasmeen/storage/yocto/sysroots/x86_64-pokysdk-linux/usr/bin/aarch64-poky-linux/aarch64-poky-linux-gcc   -mcpu=cortex-a53 -march=armv8-a+crc -mbranch-protection=standard -fstack-protector-strong  -O2 -D_FORTIFY_SOURCE=2 -Wformat -Wformat-security -Werror=format-security --sysroot=/home/yasmeen/storage/yocto/sysroots/cortexa53-poky-linux --sysroot=/home/yasmeen/storage/yocto/sysroots/cortexa53-poky-linux   -O2 -g -feliminate-unused-debug-types     -v -o CMakeFiles/cmTC_f8cb2.dir/CMakeCCompilerABI.c.o -c /home/yasmeen/storage/yocto/sysroots/x86_64-pokysdk-linux/usr/share/cmake-3.22/Modules/CMakeCCompilerABI.c]
  ignore line: [Using built-in specs.]
  ignore line: [COLLECT_GCC=/home/yasmeen/storage/yocto/sysroots/x86_64-pokysdk-linux/usr/bin/aarch64-poky-linux/aarch64-poky-linux-gcc]
  ignore line: [Target: aarch64-poky-linux]
  ignore line: [Configured with: ../../../../../../work-shared/gcc-11.5.0-r0/gcc-11.5.0/configure --build=x86_64-linux --host=x86_64-pokysdk-linux --target=aarch64-poky-linux --prefix=/usr/local/oe-sdk-hardcoded-buildpath/sysroots/x86_64-pokysdk-linux/usr --exec_prefix=/usr/local/oe-sdk-hardcoded-buildpath/sysroots/x86_64-pokysdk-linux/usr --bindir=/usr/local/oe-sdk-hardcoded-buildpath/sysroots/x86_64-pokysdk-linux/usr/bin/aarch64-poky-linux --sbindir=/usr/local/oe-sdk-hardcoded-buildpath/sysroots/x86_64-pokysdk-linux/usr/bin/aarch64-poky-linux --libexecdir=/usr/local/oe-sdk-hardcoded-buildpath/sysroots/x86_64-pokysdk-linux/usr/libexec/aarch64-poky-linux --datadir=/usr/local/oe-sdk-hardcoded-buildpath/sysroots/x86_64-pokysdk-linux/usr/share --sysconfdir=/usr/local/oe-sdk-hardcoded-buildpath/sysroots/x86_64-pokysdk-linux/etc --sharedstatedir=/usr/local/oe-sdk-hardcoded-buildpath/sysroots/x86_64-pokysdk-linux/com --localstatedir=/usr/local/oe-sdk-hardcoded-buildpath/sysroots/x86_64-pokysdk-linux/var --libdir=/usr/local/oe-sdk-hardcoded-buildpath/sysroots/x86_64-pokysdk-linux/usr/lib/aarch64-poky-linux --includedir=/usr/local/oe-sdk-hardcoded-buildpath/sysroots/x86_64-pokysdk-linux/usr/include --oldincludedir=/usr/local/oe-sdk-hardcoded-buildpath/sysroots/x86_64-pokysdk-linux/usr/include --infodir=/usr/local/oe-sdk-hardcoded-buildpath/sysroots/x86_64-pokysdk-linux/usr/share/info --mandir=/usr/local/oe-sdk-hardcoded-buildpath/sysroots/x86_64-pokysdk-linux/usr/share/man --disable-silent-rules --disable-dependency-tracking --with-libtool-sysroot=/home/yasmeen/storage/yocto/build-rpi/tmp/work/x86_64-nativesdk-pokysdk-linux/gcc-cross-canadian-aarch64/11.5.0-r0/recipe-sysroot --with-gnu-ld --enable-shared --enable-languages=c,c++ --enable-threads=posix --enable-multilib --enable-default-pie --enable-c99 --enable-long-long --enable-symvers=gnu --enable-libstdcxx-pch --program-prefix=aarch64-poky-linux- --without-local-prefix --disable-install-libiberty --disable-libssp --enable-libitm --enable-lto --disable-bootstrap --with-system-zlib --with-linker-hash-style=gnu --enable-linker-build-id --with-ppl=no --with-cloog=no --enable-checking=release --enable-cheaders=c_global --without-isl --with-gxx-include-dir=/not/exist/usr/include/c++/11.5.0 --with-build-time-tools=/home/yasmeen/storage/yocto/build-rpi/tmp/work/x86_64-nativesdk-pokysdk-linux/gcc-cross-canadian-aarch64/11.5.0-r0/recipe-sysroot-native/usr/aarch64-poky-linux/bin --with-sysroot=/not/exist --with-build-sysroot=/home/yasmeen/storage/yocto/build-rpi/tmp/work/x86_64-nativesdk-pokysdk-linux/gcc-cross-canadian-aarch64/11.5.0-r0/recipe-sysroot --with-plugin-ld=ld --enable-poison-system-directories --disable-static --enable-nls --with-glibc-version=2.28 --enable-initfini-array --enable-__cxa_atexit]
  ignore line: [Thread model: posix]
  ignore line: [Supported LTO compression algorithms: zlib zstd]
  ignore line: [gcc version 11.5.0 (GCC) ]
  ignore line: [COLLECT_GCC_OPTIONS='-mcpu=cortex-a53' '-march=armv8-a+crc' '-mbranch-protection=standard' '-fstack-protector-strong' '-O2' '-D' '_FORTIFY_SOURCE=2' '-Wformat=1' '-Wformat-security' '-Werror=format-security' '-O2' '-g' '-feliminate-unused-debug-types' '-v' '-o' 'CMakeFiles/cmTC_f8cb2.dir/CMakeCCompilerABI.c.o' '-c' '-mlittle-endian' '-mabi=lp64' '-dumpdir' 'CMakeFiles/cmTC_f8cb2.dir/']
  ignore line: [ /home/yasmeen/storage/yocto/sysroots/x86_64-pokysdk-linux/usr/libexec/aarch64-poky-linux/gcc/aarch64-poky-linux/11.5.0/cc1 -quiet -v -isysroot /home/yasmeen/storage/yocto/sysroots/cortexa53-poky-linux -D _FORTIFY_SOURCE=2 /home/yasmeen/storage/yocto/sysroots/x86_64-pokysdk-linux/usr/share/cmake-3.22/Modules/CMakeCCompilerABI.c -quiet -dumpdir CMakeFiles/cmTC_f8cb2.dir/ -dumpbase CMakeCCompilerABI.c.c -dumpbase-ext .c -mcpu=cortex-a53 -march=armv8-a+crc -mbranch-protection=standard -mlittle-endian -mabi=lp64 -g -O2 -O2 -Wformat=1 -Wformat-security -Werror=format-security -version -fstack-protector-strong -feliminate-unused-debug-types -o /tmp/ccMfrH7S.s]
  ignore line: [GNU C17 (GCC) version 11.5.0 (aarch64-poky-linux)]
  ignore line: [	compiled by GNU C version 11.5.0  GMP version 6.2.1  MPFR version 4.1.1  MPC version 1.2.1  isl version none]
  ignore line: [GGC heuristics: --param ggc-min-expand=100 --param ggc-min-heapsize=131072]
  ignore line: [ignoring nonexistent directory "/home/yasmeen/storage/yocto/sysroots/cortexa53-poky-linux/usr/lib/aarch64-poky-linux/11.5.0/include"]
  ignore line: [ignoring nonexistent directory "/home/yasmeen/storage/yocto/sysroots/cortexa53-poky-linux/usr/local/include"]
  ignore line: [ignoring nonexistent directory "/home/yasmeen/storage/yocto/sysroots/x86_64-pokysdk-linux/usr/lib/aarch64-poky-linux/gcc/aarch64-poky-linux/11.5.0/../../../../../aarch64-poky-linux/include"]
  ignore line: [#include "..." search starts here:]
  ignore line: [#include <...> search starts here:]
  ignore line: [ /home/yasmeen/storage/yocto/sysroots/x86_64-pokysdk-linux/usr/lib/aarch64-poky-linux/gcc/aarch64-poky-linux/11.5.0/include]
  ignore line: [ /home/yasmeen/storage/yocto/sysroots/x86_64-pokysdk-linux/usr/lib/aarch64-poky-linux/gcc/aarch64-poky-linux/11.5.0/include-fixed]
  ignore line: [ /home/yasmeen/storage/yocto/sysroots/cortexa53-poky-linux/usr/include/]
  ignore line: [End of search list.]
  ignore line: [GNU C17 (GCC) version 11.5.0 (aarch64-poky-linux)]
  ignore line: [	compiled by GNU C version 11.5.0  GMP version 6.2.1  MPFR version 4.1.1  MPC version 1.2.1  isl version none]
  ignore line: [GGC heuristics: --param ggc-min-expand=100 --param ggc-min-heapsize=131072]
  ignore line: [Compiler executable checksum: 7d11bc6400a5b60792ee3c21654264e0]
  ignore line: [COLLECT_GCC_OPTIONS='-mcpu=cortex-a53' '-march=armv8-a+crc' '-mbranch-protection=standard' '-fstack-protector-strong' '-O2' '-D' '_FORTIFY_SOURCE=2' '-Wformat=1' '-Wformat-security' '-Werror=format-security' '-O2' '-g' '-feliminate-unused-debug-types' '-v' '-o' 'CMakeFiles/cmTC_f8cb2.dir/CMakeCCompilerABI.c.o' '-c' '-mlittle-endian' '-mabi=lp64' '-dumpdir' 'CMakeFiles/cmTC_f8cb2.dir/']
  ignore line: [ /home/yasmeen/storage/yocto/sysroots/x86_64-pokysdk-linux/usr/libexec/aarch64-poky-linux/gcc/aarch64-poky-linux/11.5.0/as -v --gdwarf-5 -EL -march=armv8-a+crc -march=armv8-a+crc -mabi=lp64 -o CMakeFiles/cmTC_f8cb2.dir/CMakeCCompilerABI.c.o /tmp/ccMfrH7S.s]
  ignore line: [GNU assembler version 2.38 (aarch64-poky-linux) using BFD version (GNU Binutils) 2.38.20220708]
  ignore line: [COMPILER_PATH=/home/yasmeen/storage/yocto/sysroots/x86_64-pokysdk-linux/usr/libexec/aarch64-poky-linux/gcc/aarch64-poky-linux/11.5.0/:/home/yasmeen/storage/yocto/sysroots/x86_64-pokysdk-linux/usr/libexec/aarch64-poky-linux/gcc/aarch64-poky-linux/11.5.0/:/home/yasmeen/storage/yocto/sysroots/x86_64-pokysdk-linux/usr/libexec/aarch64-poky-linux/gcc/aarch64-poky-linux/:/home/yasmeen/storage/yocto/sysroots/x86_64-pokysdk-linux/usr/lib/aarch64-poky-linux/gcc/aarch64-poky-linux/11.5.0/:/home/yasmeen/storage/yocto/sysroots/x86_64-pokysdk-linux/usr/lib/aarch64-poky-linux/gcc/aarch64-poky-linux/]
  ignore line: [LIBRARY_PATH=/home/yasmeen/storage/yocto/sysroots/x86_64-pokysdk-linux/usr/lib/aarch64-poky-linux/gcc/aarch64-poky-linux/11.5.0/:/home/yasmeen/storage/yocto/sysroots/cortexa53-poky-linux/lib/:/home/yasmeen/storage/yocto/sysroots/cortexa53-poky-linux/usr/lib/aarch64-poky-linux/11.5.0/:/home/yasmeen/storage/yocto/sysroots/cortexa53-poky-linux/usr/lib/]
  ignore line: [COLLECT_GCC_OPTIONS='-mcpu=cortex-a53' '-march=armv8-a+crc' '-mbranch-protection=standard' '-fstack-protector-strong' '-O2' '-D' '_FORTIFY_SOURCE=2' '-Wformat=1' '-Wformat-security' '-Werror=format-security' '-O2' '-g' '-feliminate-unused-debug-types' '-v' '-o' 'CMakeFiles/cmTC_f8cb2.dir/CMakeCCompilerABI.c.o' '-c' '-mlittle-endian' '-mabi=lp64' '-dumpdir' 'CMakeFiles/cmTC_f8cb2.dir/CMakeCCompilerABI.c.']
  ignore line: [Linking C executable cmTC_f8cb2]
  ignore line: [/home/yasmeen/storage/yocto/sysroots/x86_64-pokysdk-linux/usr/bin/cmake -E cmake_link_script CMakeFiles/cmTC_f8cb2.dir/link.txt --verbose=1]
  ignore line: [/home/yasmeen/storage/yocto/sysroots/x86_64-pokysdk-linux/usr/bin/aarch64-poky-linux/aarch64-poky-linux-gcc   -mcpu=cortex-a53 -march=armv8-a+crc -mbranch-protection=standard -fstack-protector-strong  -O2 -D_FORTIFY_SOURCE=2 -Wformat -Wformat-security -Werror=format-security --sysroot=/home/yasmeen/storage/yocto/sysroots/cortexa53-poky-linux --sysroot=/home/yasmeen/storage/yocto/sysroots/cortexa53-poky-linux  -O2 -g -feliminate-unused-debug-types   -Wl -O1 -Wl --hash-style=gnu -Wl --as-needed  -Wl -z relro -z now -v -rdynamic CMakeFiles/cmTC_f8cb2.dir/CMakeCCompilerABI.c.o -o cmTC_f8cb2 ]
  ignore line: [Using built-in specs.]
  ignore line: [COLLECT_GCC=/home/yasmeen/storage/yocto/sysroots/x86_64-pokysdk-linux/usr/bin/aarch64-poky-linux/aarch64-poky-linux-gcc]
  ignore line: [COLLECT_LTO_WRAPPER=/home/yasmeen/storage/yocto/sysroots/x86_64-pokysdk-linux/usr/libexec/aarch64-poky-linux/gcc/aarch64-poky-linux/11.5.0/lto-wrapper]
  ignore line: [Target: aarch64-poky-linux]
  ignore line: [Configured with: ../../../../../../work-shared/gcc-11.5.0-r0/gcc-11.5.0/configure --build=x86_64-linux --host=x86_64-pokysdk-linux --target=aarch64-poky-linux --prefix=/usr/local/oe-sdk-hardcoded-buildpath/sysroots/x86_64-pokysdk-linux/usr --exec_prefix=/usr/local/oe-sdk-hardcoded-buildpath/sysroots/x86_64-pokysdk-linux/usr --bindir=/usr/local/oe-sdk-hardcoded-buildpath/sysroots/x86_64-pokysdk-linux/usr/bin/aarch64-poky-linux --sbindir=/usr/local/oe-sdk-hardcoded-buildpath/sysroots/x86_64-pokysdk-linux/usr/bin/aarch64-poky-linux --libexecdir=/usr/local/oe-sdk-hardcoded-buildpath/sysroots/x86_64-pokysdk-linux/usr/libexec/aarch64-poky-linux --datadir=/usr/local/oe-sdk-hardcoded-buildpath/sysroots/x86_64-pokysdk-linux/usr/share --sysconfdir=/usr/local/oe-sdk-hardcoded-buildpath/sysroots/x86_64-pokysdk-linux/etc --sharedstatedir=/usr/local/oe-sdk-hardcoded-buildpath/sysroots/x86_64-pokysdk-linux/com --localstatedir=/usr/local/oe-sdk-hardcoded-buildpath/sysroots/x86_64-pokysdk-linux/var --libdir=/usr/local/oe-sdk-hardcoded-buildpath/sysroots/x86_64-pokysdk-linux/usr/lib/aarch64-poky-linux --includedir=/usr/local/oe-sdk-hardcoded-buildpath/sysroots/x86_64-pokysdk-linux/usr/include --oldincludedir=/usr/local/oe-sdk-hardcoded-buildpath/sysroots/x86_64-pokysdk-linux/usr/include --infodir=/usr/local/oe-sdk-hardcoded-buildpath/sysroots/x86_64-pokysdk-linux/usr/share/info --mandir=/usr/local/oe-sdk-hardcoded-buildpath/sysroots/x86_64-pokysdk-linux/usr/share/man --disable-silent-rules --disable-dependency-tracking --with-libtool-sysroot=/home/yasmeen/storage/yocto/build-rpi/tmp/work/x86_64-nativesdk-pokysdk-linux/gcc-cross-canadian-aarch64/11.5.0-r0/recipe-sysroot --with-gnu-ld --enable-shared --enable-languages=c,c++ --enable-threads=posix --enable-multilib --enable-default-pie --enable-c99 --enable-long-long --enable-symvers=gnu --enable-libstdcxx-pch --program-prefix=aarch64-poky-linux- --without-local-prefix --disable-install-libiberty --disable-libssp --enable-libitm --enable-lto --disable-bootstrap --with-system-zlib --with-linker-hash-style=gnu --enable-linker-build-id --with-ppl=no --with-cloog=no --enable-checking=release --enable-cheaders=c_global --without-isl --with-gxx-include-dir=/not/exist/usr/include/c++/11.5.0 --with-build-time-tools=/home/yasmeen/storage/yocto/build-rpi/tmp/work/x86_64-nativesdk-pokysdk-linux/gcc-cross-canadian-aarch64/11.5.0-r0/recipe-sysroot-native/usr/aarch64-poky-linux/bin --with-sysroot=/not/exist --with-build-sysroot=/home/yasmeen/storage/yocto/build-rpi/tmp/work/x86_64-nativesdk-pokysdk-linux/gcc-cross-canadian-aarch64/11.5.0-r0/recipe-sysroot --with-plugin-ld=ld --enable-poison-system-directories --disable-static --enable-nls --with-glibc-version=2.28 --enable-initfini-array --enable-__cxa_atexit]
  ignore line: [Thread model: posix]
  ignore line: [Supported LTO compression algorithms: zlib zstd]
  ignore line: [gcc version 11.5.0 (GCC) ]
  ignore line: [COMPILER_PATH=/home/yasmeen/storage/yocto/sysroots/x86_64-pokysdk-linux/usr/libexec/aarch64-poky-linux/gcc/aarch64-poky-linux/11.5.0/:/home/yasmeen/storage/yocto/sysroots/x86_64-pokysdk-linux/usr/libexec/aarch64-poky-linux/gcc/aarch64-poky-linux/11.5.0/:/home/yasmeen/storage/yocto/sysroots/x86_64-pokysdk-linux/usr/libexec/aarch64-poky-linux/gcc/aarch64-poky-linux/:/home/yasmeen/storage/yocto/sysroots/x86_64-pokysdk-linux/usr/lib/aarch64-poky-linux/gcc/aarch64-poky-linux/11.5.0/:/home/yasmeen/storage/yocto/sysroots/x86_64-pokysdk-linux/usr/lib/aarch64-poky-linux/gcc/aarch64-poky-linux/]
  ignore line: [LIBRARY_PATH=/home/yasmeen/storage/yocto/sysroots/x86_64-pokysdk-linux/usr/lib/aarch64-poky-linux/gcc/aarch64-poky-linux/11.5.0/:/home/yasmeen/storage/yocto/sysroots/cortexa53-poky-linux/lib/:/home/yasmeen/storage/yocto/sysroots/cortexa53-poky-linux/usr/lib/aarch64-poky-linux/11.5.0/:/home/yasmeen/storage/yocto/sysroots/cortexa53-poky-linux/usr/lib/]
  ignore line: [COLLECT_GCC_OPTIONS='-mcpu=cortex-a53' '-march=armv8-a+crc' '-mbranch-protection=standard' '-fstack-protector-strong' '-O2' '-D' '_FORTIFY_SOURCE=2' '-Wformat=1' '-Wformat-security' '-Werror=format-security' '-O2' '-g' '-feliminate-unused-debug-types' '-v' '-rdynamic' '-o' 'cmTC_f8cb2' '-mlittle-endian' '-mabi=lp64' '-dumpdir' 'cmTC_f8cb2.']
  link line: [ /home/yasmeen/storage/yocto/sysroots/x86_64-pokysdk-linux/usr/libexec/aarch64-poky-linux/gcc/aarch64-poky-linux/11.5.0/collect2 -plugin /home/yasmeen/storage/yocto/sysroots/x86_64-pokysdk-linux/usr/libexec/aarch64-poky-linux/gcc/aarch64-poky-linux/11.5.0/liblto_plugin.so -plugin-opt=/home/yasmeen/storage/yocto/sysroots/x86_64-pokysdk-linux/usr/libexec/aarch64-poky-linux/gcc/aarch64-poky-linux/11.5.0/lto-wrapper -plugin-opt=-fresolution=/tmp/cc6y2QML.res -plugin-opt=-pass-through=-lgcc -plugin-opt=-pass-through=-lgcc_s -plugin-opt=-pass-through=-lc -plugin-opt=-pass-through=-lgcc -plugin-opt=-pass-through=-lgcc_s --sysroot=/home/yasmeen/storage/yocto/sysroots/cortexa53-poky-linux --build-id --eh-frame-hdr --hash-style=gnu -export-dynamic -dynamic-linker /lib/ld-linux-aarch64.so.1 -X -EL -maarch64linux -pie -o cmTC_f8cb2 /home/yasmeen/storage/yocto/sysroots/cortexa53-poky-linux/usr/lib/Scrt1.o /home/yasmeen/storage/yocto/sysroots/cortexa53-poky-linux/usr/lib/crti.o /home/yasmeen/storage/yocto/sysroots/cortexa53-poky-linux/usr/lib/aarch64-poky-linux/11.5.0/crtbeginS.o -L/home/yasmeen/storage/yocto/sysroots/x86_64-pokysdk-linux/usr/lib/aarch64-poky-linux/gcc/aarch64-poky-linux/11.5.0 -L/home/yasmeen/storage/yocto/sysroots/cortexa53-poky-linux/lib -L/home/yasmeen/storage/yocto/sysroots/cortexa53-poky-linux/usr/lib/aarch64-poky-linux/11.5.0 -L/home/yasmeen/storage/yocto/sysroots/cortexa53-poky-linux/usr/lib -O1 --hash-style=gnu --as-needed -z relro -z now CMakeFiles/cmTC_f8cb2.dir/CMakeCCompilerABI.c.o -lgcc --push-state --as-needed -lgcc_s --pop-state -lc -lgcc --push-state --as-needed -lgcc_s --pop-state /home/yasmeen/storage/yocto/sysroots/cortexa53-poky-linux/usr/lib/aarch64-poky-linux/11.5.0/crtendS.o /home/yasmeen/storage/yocto/sysroots/cortexa53-poky-linux/usr/lib/crtn.o]
    arg [/home/yasmeen/storage/yocto/sysroots/x86_64-pokysdk-linux/usr/libexec/aarch64-poky-linux/gcc/aarch64-poky-linux/11.5.0/collect2] ==> ignore
    arg [-plugin] ==> ignore
    arg [/home/yasmeen/storage/yocto/sysroots/x86_64-pokysdk-linux/usr/libexec/aarch64-poky-linux/gcc/aarch64-poky-linux/11.5.0/liblto_plugin.so] ==> ignore
    arg [-plugin-opt=/home/yasmeen/storage/yocto/sysroots/x86_64-pokysdk-linux/usr/libexec/aarch64-poky-linux/gcc/aarch64-poky-linux/11.5.0/lto-wrapper] ==> ignore
    arg [-plugin-opt=-fresolution=/tmp/cc6y2QML.res] ==> ignore
    arg [-plugin-opt=-pass-through=-lgcc] ==> ignore
    arg [-plugin-opt=-pass-through=-lgcc_s] ==> ignore
    arg [-plugin-opt=-pass-through=-lc] ==> ignore
    arg [-plugin-opt=-pass-through=-lgcc] ==> ignore
    arg [-plugin-opt=-pass-through=-lgcc_s] ==> ignore
    arg [--sysroot=/home/yasmeen/storage/yocto/sysroots/cortexa53-poky-linux] ==> ignore
    arg [--build-id] ==> ignore
    arg [--eh-frame-hdr] ==> ignore
    arg [--hash-style=gnu] ==> ignore
    arg [-export-dynamic] ==> ignore
    arg [-dynamic-linker] ==> ignore
    arg [/lib/ld-linux-aarch64.so.1] ==> ignore
    arg [-X] ==> ignore
    arg [-EL] ==> ignore
    arg [-maarch64linux] ==> ignore
    arg [-pie] ==> ignore
    arg [-o] ==> ignore
    arg [cmTC_f8cb2] ==> ignore
    arg [/home/yasmeen/storage/yocto/sysroots/cortexa53-poky-linux/usr/lib/Scrt1.o] ==> obj [/home/yasmeen/storage/yocto/sysroots/cortexa53-poky-linux/usr/lib/Scrt1.o]
    arg [/home/yasmeen/storage/yocto/sysroots/cortexa53-poky-linux/usr/lib/crti.o] ==> obj [/home/yasmeen/storage/yocto/sysroots/cortexa53-poky-linux/usr/lib/crti.o]
    arg [/home/yasmeen/storage/yocto/sysroots/cortexa53-poky-linux/usr/lib/aarch64-poky-linux/11.5.0/crtbeginS.o] ==> obj [/home/yasmeen/storage/yocto/sysroots/cortexa53-poky-linux/usr/lib/aarch64-poky-linux/11.5.0/crtbeginS.o]
    arg [-L/home/yasmeen/storage/yocto/sysroots/x86_64-pokysdk-linux/usr/lib/aarch64-poky-linux/gcc/aarch64-poky-linux/11.5.0] ==> dir [/home/yasmeen/storage/yocto/sysroots/x86_64-pokysdk-linux/usr/lib/aarch64-poky-linux/gcc/aarch64-poky-linux/11.5.0]
    arg [-L/home/yasmeen/storage/yocto/sysroots/cortexa53-poky-linux/lib] ==> dir [/home/yasmeen/storage/yocto/sysroots/cortexa53-poky-linux/lib]
    arg [-L/home/yasmeen/storage/yocto/sysroots/cortexa53-poky-linux/usr/lib/aarch64-poky-linux/11.5.0] ==> dir [/home/yasmeen/storage/yocto/sysroots/cortexa53-poky-linux/usr/lib/aarch64-poky-linux/11.5.0]
    arg [-L/home/yasmeen/storage/yocto/sysroots/cortexa53-poky-linux/usr/lib] ==> dir [/home/yasmeen/storage/yocto/sysroots/cortexa53-poky-linux/usr/lib]
    arg [-O1] ==> ignore
    arg [--hash-style=gnu] ==> ignore
    arg [--as-needed] ==> ignore
    arg [-zrelro] ==> ignore
    arg [-znow] ==> ignore
    arg [CMakeFiles/cmTC_f8cb2.dir/CMakeCCompilerABI.c.o] ==> ignore
    arg [-lgcc] ==> lib [gcc]
    arg [--push-state] ==> ignore
    arg [--as-needed] ==> ignore
    arg [-lgcc_s] ==> lib [gcc_s]
    arg [--pop-state] ==> ignore
    arg [-lc] ==> lib [c]
    arg [-lgcc] ==> lib [gcc]
    arg [--push-state] ==> ignore
    arg [--as-needed] ==> ignore
    arg [-lgcc_s] ==> lib [gcc_s]
    arg [--pop-state] ==> ignore
    arg [/home/yasmeen/storage/yocto/sysroots/cortexa53-poky-linux/usr/lib/aarch64-poky-linux/11.5.0/crtendS.o] ==> obj [/home/yasmeen/storage/yocto/sysroots/cortexa53-poky-linux/usr/lib/aarch64-poky-linux/11.5.0/crtendS.o]
    arg [/home/yasmeen/storage/yocto/sysroots/cortexa53-poky-linux/usr/lib/crtn.o] ==> obj [/home/yasmeen/storage/yocto/sysroots/cortexa53-poky-linux/usr/lib/crtn.o]
  collapse library dir [/home/yasmeen/storage/yocto/sysroots/x86_64-pokysdk-linux/usr/lib/aarch64-poky-linux/gcc/aarch64-poky-linux/11.5.0] ==> [/home/yasmeen/storage/yocto/sysroots/x86_64-pokysdk-linux/usr/lib/aarch64-poky-linux/gcc/aarch64-poky-linux/11.5.0]
  collapse library dir [/home/yasmeen/storage/yocto/sysroots/cortexa53-poky-linux/lib] ==> [/home/yasmeen/storage/yocto/sysroots/cortexa53-poky-linux/lib]
  collapse library dir [/home/yasmeen/storage/yocto/sysroots/cortexa53-poky-linux/usr/lib/aarch64-poky-linux/11.5.0] ==> [/home/yasmeen/storage/yocto/sysroots/cortexa53-poky-linux/usr/lib/aarch64-poky-linux/11.5.0]
  collapse library dir [/home/yasmeen/storage/yocto/sysroots/cortexa53-poky-linux/usr/lib] ==> [/home/yasmeen/storage/yocto/sysroots/cortexa53-poky-linux/usr/lib]
  implicit libs: [gcc;gcc_s;c;gcc;gcc_s]
  implicit objs: [/home/yasmeen/storage/yocto/sysroots/cortexa53-poky-linux/usr/lib/Scrt1.o;/home/yasmeen/storage/yocto/sysroots/cortexa53-poky-linux/usr/lib/crti.o;/home/yasmeen/storage/yocto/sysroots/cortexa53-poky-linux/usr/lib/aarch64-poky-linux/11.5.0/crtbeginS.o;/home/yasmeen/storage/yocto/sysroots/cortexa53-poky-linux/usr/lib/aarch64-poky-linux/11.5.0/crtendS.o;/home/yasmeen/storage/yocto/sysroots/cortexa53-poky-linux/usr/lib/crtn.o]
  implicit dirs: [/home/yasmeen/storage/yocto/sysroots/x86_64-pokysdk-linux/usr/lib/aarch64-poky-linux/gcc/aarch64-poky-linux/11.5.0;/home/yasmeen/storage/yocto/sysroots/cortexa53-poky-linux/lib;/home/yasmeen/storage/yocto/sysroots/cortexa53-poky-linux/usr/lib/aarch64-poky-linux/11.5.0;/home/yasmeen/storage/yocto/sysroots/cortexa53-poky-linux/usr/lib]
  implicit fwks: []


